<?xml version="1.0" encoding="UTF-8"?>
<!-- Generated by org.testng.reporters.JUnitReportReporter -->
<testsuite hostname="LAPTOP-0OQKAQ97" failures="0" tests="1" name="com.gr.testlayer.Xyz" time="65.084" errors="0" timestamp="2023-07-01T22:44:08 IST" skipped="0">
  <testcase classname="com.gr.testlayer.Xyz" name="ash" time="65.084"/>
  <system-out/>
</testsuite> <!-- com.gr.testlayer.Xyz -->
